<?xml version="1.0" encoding="UTF-8"?>
<testng-results ignored="0" total="2" passed="2" failed="0" skipped="0">
  <reporter-output>
  </reporter-output>
  <suite started-at="2026-01-30T11:18:31 UTC" name="Default suite" finished-at="2026-01-30T11:18:51 UTC" duration-ms="20447">
    <groups>
      <group name="cucumber">
        <method signature="AbstractTestNGCucumberTests.runScenario(io.cucumber.testng.PickleWrapper,io.cucumber.testng.FeatureWrapper)[pri:0, instance:runners.TestRunner@217ed35e]" name="runScenario" class="io.cucumber.testng.AbstractTestNGCucumberTests"/>
      </group> <!-- cucumber -->
    </groups>
    <test started-at="2026-01-30T11:18:31 UTC" name="Default test" finished-at="2026-01-30T11:18:51 UTC" duration-ms="20447">
      <class name="runners.TestRunner">
        <test-method is-config="true" signature="setUpClass(org.testng.ITestContext)[pri:0, instance:runners.TestRunner@217ed35e]" started-at="2026-01-30T11:18:31 UTC" name="setUpClass" finished-at="2026-01-30T11:18:32 UTC" duration-ms="762" status="PASS">
          <params>
            <param index="0">
              <value>
                <![CDATA[org.testng.TestRunner@54402c04]]>
              </value>
            </param>
          </params>
          <reporter-output>
          </reporter-output>
        </test-method> <!-- setUpClass -->
        <test-method signature="runScenario(io.cucumber.testng.PickleWrapper,io.cucumber.testng.FeatureWrapper)[pri:0, instance:runners.TestRunner@217ed35e]" started-at="2026-01-30T11:18:32 UTC" name="runScenario" description="Runs Cucumber Scenarios" data-provider="scenarios" finished-at="2026-01-30T11:18:41 UTC" duration-ms="9400" status="PASS">
          <params>
            <param index="0">
              <value>
                <![CDATA["Valid login to Guru99 Bank"]]>
              </value>
            </param>
            <param index="1">
              <value>
                <![CDATA["Guru99 Login"]]>
              </value>
            </param>
          </params>
          <reporter-output>
          </reporter-output>
        </test-method> <!-- runScenario -->
        <test-method signature="runScenario(io.cucumber.testng.PickleWrapper,io.cucumber.testng.FeatureWrapper)[pri:0, instance:runners.TestRunner@217ed35e]" started-at="2026-01-30T11:18:41 UTC" name="runScenario" description="Runs Cucumber Scenarios" data-provider="scenarios" finished-at="2026-01-30T11:18:51 UTC" duration-ms="10119" status="PASS">
          <params>
            <param index="0">
              <value>
                <![CDATA["Register a new customer successfully"]]>
              </value>
            </param>
            <param index="1">
              <value>
                <![CDATA["New Customer Registration"]]>
              </value>
            </param>
          </params>
          <reporter-output>
          </reporter-output>
        </test-method> <!-- runScenario -->
        <test-method is-config="true" signature="tearDownClass()[pri:0, instance:runners.TestRunner@217ed35e]" started-at="2026-01-30T11:18:51 UTC" name="tearDownClass" finished-at="2026-01-30T11:18:51 UTC" duration-ms="73" status="PASS">
          <reporter-output>
          </reporter-output>
        </test-method> <!-- tearDownClass -->
      </class> <!-- runners.TestRunner -->
    </test> <!-- Default test -->
  </suite> <!-- Default suite -->
</testng-results>
